Arguments: 
  /Users/simen/.nvm/versions/node/v10.15.2/bin/node /usr/local/Cellar/yarn/1.13.0/libexec/bin/yarn.js add jest@beta diff-snapshot

PATH: 
  /Users/simen/.nvm/versions/node/v10.15.2/bin:/usr/local/bin:/usr/bin:/bin:/usr/sbin:/sbin:/System/Library/Frameworks/Python.framework/Versions/Current/bin:/usr/local/sbin:/Users/simen/.scripts:/Users/simen/npm/bin:/Users/simen/.rvm/bin:/Applications/Postgres.app/Contents/Versions/latest/bin:/usr/local/opt/wildfly-as/libexec/bin:/Users/simen/.fzf/bin

Yarn version: 
  1.13.0

Node version: 
  10.15.2

Platform: 
  darwin x64

Trace: 
  Error: https://registry.yarnpkg.com/diff-snapshot: Not found
      at Request.params.callback [as _callback] (/usr/local/Cellar/yarn/1.13.0/libexec/lib/cli.js:66255:18)
      at Request.self.callback (/usr/local/Cellar/yarn/1.13.0/libexec/lib/cli.js:129397:22)
      at Request.emit (events.js:189:13)
      at Request.<anonymous> (/usr/local/Cellar/yarn/1.13.0/libexec/lib/cli.js:130369:10)
      at Request.emit (events.js:189:13)
      at IncomingMessage.<anonymous> (/usr/local/Cellar/yarn/1.13.0/libexec/lib/cli.js:130291:12)
      at Object.onceWrapper (events.js:277:13)
      at IncomingMessage.emit (events.js:194:15)
      at endReadableNT (_stream_readable.js:1103:12)
      at process._tickCallback (internal/process/next_tick.js:63:19)

npm manifest: 
  {
    "name": "weird",
    "version": "1.0.0",
    "main": "index.js",
    "license": "MIT"
  }

yarn manifest: 
  No manifest

Lockfile: 
  No lockfile
